<?xml version="1.0" encoding="UTF-8"?>
<testng-results ignored="0" total="1" passed="1" failed="0" skipped="0">
  <reporter-output>
  </reporter-output>
  <suite started-at="2025-09-16T09:42:19 IST" name="Default suite" finished-at="2025-09-16T09:42:24 IST" duration-ms="5380">
    <groups>
    </groups>
    <test started-at="2025-09-16T09:42:19 IST" name="Default test" finished-at="2025-09-16T09:42:24 IST" duration-ms="5380">
      <class name="CRUDOperations.CreateUser">
        <test-method signature="postMethodTest()[pri:0, instance:CRUDOperations.CreateUser@659a969b]" started-at="2025-09-16T09:42:19 IST" name="postMethodTest" finished-at="2025-09-16T09:42:24 IST" duration-ms="5283" status="PASS">
          <reporter-output>
          </reporter-output>
        </test-method> <!-- postMethodTest -->
      </class> <!-- CRUDOperations.CreateUser -->
    </test> <!-- Default test -->
  </suite> <!-- Default suite -->
</testng-results>
